<?xml version="1.0" encoding="UTF-8"?>
<robot generator="Robot 3.1.1 (Python 3.7.3 on win32)" generated="20190526 14:20:03.237" rpa="false">
<suite id="s1" name="TestCases" source="D:\JavaWorkSpace\SeleniumRobotFramework\TestCases">
<suite id="s1-s1" name="Login" source="D:\JavaWorkSpace\SeleniumRobotFramework\TestCases\Login.robot">
<test id="s1-s1-t1" name="Verify login">
<kw name="Open Browser" library="SeleniumLibrary">
<doc>Opens a new browser instance to the given ``url``.</doc>
<arguments>
<arg>${URL}</arg>
<arg>${Browser}</arg>
</arguments>
<msg timestamp="20190526 14:20:03.745" level="INFO">Opening browser 'Chrome' to base url 'http://newtours.demoaut.com'.</msg>
<status status="PASS" starttime="20190526 14:20:03.745" endtime="20190526 14:20:11.965"></status>
</kw>
<kw name="Maximize Browser Window" library="SeleniumLibrary">
<doc>Maximizes current browser window.</doc>
<status status="PASS" starttime="20190526 14:20:11.966" endtime="20190526 14:20:13.084"></status>
</kw>
<kw name="Input Text" library="SeleniumLibrary">
<doc>Types the given ``text`` into text field identified by ``locator``.</doc>
<arguments>
<arg>name:userName</arg>
<arg>mercury</arg>
</arguments>
<msg timestamp="20190526 14:20:13.086" level="INFO">Typing text 'mercury' into text field 'name:userName'.</msg>
<status status="PASS" starttime="20190526 14:20:13.085" endtime="20190526 14:20:13.197"></status>
</kw>
<kw name="Input Text" library="SeleniumLibrary">
<doc>Types the given ``text`` into text field identified by ``locator``.</doc>
<arguments>
<arg>name:password</arg>
<arg>mercury</arg>
</arguments>
<msg timestamp="20190526 14:20:13.198" level="INFO">Typing text 'mercury' into text field 'name:password'.</msg>
<status status="PASS" starttime="20190526 14:20:13.198" endtime="20190526 14:20:13.294"></status>
</kw>
<kw name="Click Button" library="SeleniumLibrary">
<doc>Clicks button identified by ``locator``.</doc>
<arguments>
<arg>name:login</arg>
</arguments>
<msg timestamp="20190526 14:20:13.295" level="INFO">Clicking button 'name:login'.</msg>
<status status="PASS" starttime="20190526 14:20:13.295" endtime="20190526 14:20:22.489"></status>
</kw>
<kw name="Close All Browsers" library="SeleniumLibrary">
<doc>Closes all open browsers and resets the browser cache.</doc>
<status status="PASS" starttime="20190526 14:20:22.490" endtime="20190526 14:20:24.722"></status>
</kw>
<status status="PASS" starttime="20190526 14:20:03.744" endtime="20190526 14:20:24.723" critical="yes"></status>
</test>
<doc>Simple example using SeleniumLibrary.</doc>
<status status="PASS" starttime="20190526 14:20:03.276" endtime="20190526 14:20:24.725"></status>
</suite>
<status status="PASS" starttime="20190526 14:20:03.241" endtime="20190526 14:20:24.727"></status>
</suite>
<statistics>
<total>
<stat pass="1" fail="0">Critical Tests</stat>
<stat pass="1" fail="0">All Tests</stat>
</total>
<tag>
</tag>
<suite>
<stat pass="1" fail="0" id="s1" name="TestCases">TestCases</stat>
<stat pass="1" fail="0" id="s1-s1" name="Login">TestCases.Login</stat>
</suite>
</statistics>
<errors>
</errors>
</robot>
