<?xml version="1.0" encoding="UTF-8"?>
<robot generator="Robot 3.1.1 (Python 3.7.3 on win32)" generated="20190526 11:52:27.344" rpa="false">
<suite id="s1" name="Login" source="D:\JavaWorkSpace\SeleniumRobotFramework\TestCases\Login.robot">
<test id="s1-t1" name="Verify login">
<kw name="Open Browser" library="SeleniumLibrary">
<doc>Opens a new browser instance to the given ``url``.</doc>
<arguments>
<arg>${URL}</arg>
<arg>${Browser}</arg>
</arguments>
<msg timestamp="20190526 11:52:27.954" level="INFO">Opening browser 'Chrome' to base url 'http://newtours.demoaut.com'.</msg>
<status status="PASS" starttime="20190526 11:52:27.953" endtime="20190526 11:52:34.545"></status>
</kw>
<kw name="Maximize Browser Window" library="SeleniumLibrary">
<doc>Maximizes current browser window.</doc>
<status status="PASS" starttime="20190526 11:52:34.546" endtime="20190526 11:52:35.693"></status>
</kw>
<kw name="Input Text" library="SeleniumLibrary">
<doc>Types the given ``text`` into text field identified by ``locator``.</doc>
<arguments>
<arg>name:userName</arg>
<arg>mercury</arg>
</arguments>
<msg timestamp="20190526 11:52:35.694" level="INFO">Typing text 'mercury' into text field 'name:userName'.</msg>
<status status="PASS" starttime="20190526 11:52:35.693" endtime="20190526 11:52:35.858"></status>
</kw>
<kw name="Input Text" library="SeleniumLibrary">
<doc>Types the given ``text`` into text field identified by ``locator``.</doc>
<arguments>
<arg>name:password</arg>
<arg>mercury</arg>
</arguments>
<msg timestamp="20190526 11:52:35.859" level="INFO">Typing text 'mercury' into text field 'name:password'.</msg>
<status status="PASS" starttime="20190526 11:52:35.858" endtime="20190526 11:52:35.973"></status>
</kw>
<kw name="Click Button" library="SeleniumLibrary">
<doc>Clicks button identified by ``locator``.</doc>
<arguments>
<arg>name:login</arg>
</arguments>
<msg timestamp="20190526 11:52:35.974" level="INFO">Clicking button 'name:login'.</msg>
<status status="PASS" starttime="20190526 11:52:35.974" endtime="20190526 11:52:54.644"></status>
</kw>
<kw name="Close All Browsers" library="SeleniumLibrary">
<doc>Closes all open browsers and resets the browser cache.</doc>
<status status="PASS" starttime="20190526 11:52:54.645" endtime="20190526 11:52:56.935"></status>
</kw>
<status status="PASS" starttime="20190526 11:52:27.953" endtime="20190526 11:52:56.936" critical="yes"></status>
</test>
<doc>Simple example using SeleniumLibrary.</doc>
<status status="PASS" starttime="20190526 11:52:27.348" endtime="20190526 11:52:56.941"></status>
</suite>
<statistics>
<total>
<stat pass="1" fail="0">Critical Tests</stat>
<stat pass="1" fail="0">All Tests</stat>
</total>
<tag>
</tag>
<suite>
<stat pass="1" fail="0" id="s1" name="Login">Login</stat>
</suite>
</statistics>
<errors>
</errors>
</robot>
