<?xml version="1.0" encoding="UTF-8"?>
<robot generator="Robot 3.1.1 (Python 3.7.3 on win32)" generated="20190526 14:19:15.377" rpa="false">
<suite id="s1" name="Login" source="D:\JavaWorkSpace\SeleniumRobotFramework\TestCases\Login.robot">
<test id="s1-t1" name="Verify login">
<kw name="Open Browser" library="SeleniumLibrary">
<doc>Opens a new browser instance to the given ``url``.</doc>
<arguments>
<arg>${URL}</arg>
<arg>${Browser}</arg>
</arguments>
<msg timestamp="20190526 14:19:17.859" level="INFO">Opening browser 'Chrome' to base url 'http://newtours.demoaut.com'.</msg>
<status status="PASS" starttime="20190526 14:19:17.859" endtime="20190526 14:19:31.649"></status>
</kw>
<kw name="Maximize Browser Window" library="SeleniumLibrary">
<doc>Maximizes current browser window.</doc>
<status status="PASS" starttime="20190526 14:19:31.650" endtime="20190526 14:19:32.841"></status>
</kw>
<kw name="Input Text" library="SeleniumLibrary">
<doc>Types the given ``text`` into text field identified by ``locator``.</doc>
<arguments>
<arg>name:userName</arg>
<arg>mercury</arg>
</arguments>
<msg timestamp="20190526 14:19:32.842" level="INFO">Typing text 'mercury' into text field 'name:userName'.</msg>
<status status="PASS" starttime="20190526 14:19:32.842" endtime="20190526 14:19:33.011"></status>
</kw>
<kw name="Input Text" library="SeleniumLibrary">
<doc>Types the given ``text`` into text field identified by ``locator``.</doc>
<arguments>
<arg>name:password</arg>
<arg>mercury</arg>
</arguments>
<msg timestamp="20190526 14:19:33.012" level="INFO">Typing text 'mercury' into text field 'name:password'.</msg>
<status status="PASS" starttime="20190526 14:19:33.011" endtime="20190526 14:19:33.102"></status>
</kw>
<kw name="Click Button" library="SeleniumLibrary">
<doc>Clicks button identified by ``locator``.</doc>
<arguments>
<arg>name:login</arg>
</arguments>
<msg timestamp="20190526 14:19:33.103" level="INFO">Clicking button 'name:login'.</msg>
<status status="PASS" starttime="20190526 14:19:33.102" endtime="20190526 14:19:39.796"></status>
</kw>
<kw name="Close All Browsers" library="SeleniumLibrary">
<doc>Closes all open browsers and resets the browser cache.</doc>
<status status="PASS" starttime="20190526 14:19:39.797" endtime="20190526 14:19:42.069"></status>
</kw>
<status status="PASS" starttime="20190526 14:19:17.858" endtime="20190526 14:19:42.070" critical="yes"></status>
</test>
<doc>Simple example using SeleniumLibrary.</doc>
<status status="PASS" starttime="20190526 14:19:15.382" endtime="20190526 14:19:42.072"></status>
</suite>
<statistics>
<total>
<stat pass="1" fail="0">Critical Tests</stat>
<stat pass="1" fail="0">All Tests</stat>
</total>
<tag>
</tag>
<suite>
<stat pass="1" fail="0" id="s1" name="Login">Login</stat>
</suite>
</statistics>
<errors>
</errors>
</robot>
